<?xml version="1.0" encoding="UTF-8"?>
<testsuite name="ru.elenapltnkv.tests.PostUser" tests="1" skipped="0" failures="0" errors="0" timestamp="2024-06-26T05:11:20" hostname="user" time="1.521">
  <properties/>
  <testcase name="createNewUserTest()" classname="ru.elenapltnkv.tests.PostUser" time="1.521"/>
  <system-out><![CDATA[]]></system-out>
  <system-err><![CDATA[июн. 26, 2024 8:11:21 AM okhttp3.internal.platform.Platform log
INFO: --> POST https://reqres.in/api/users
июн. 26, 2024 8:11:21 AM okhttp3.internal.platform.Platform log
INFO: Content-Type: application/json; charset=UTF-8
июн. 26, 2024 8:11:21 AM okhttp3.internal.platform.Platform log
INFO: Content-Length: 37
июн. 26, 2024 8:11:21 AM okhttp3.internal.platform.Platform log
INFO: 
июн. 26, 2024 8:11:21 AM okhttp3.internal.platform.Platform log
INFO: {
  "name" : "Philip",
  "job" : "Coordinator"
}
июн. 26, 2024 8:11:21 AM okhttp3.internal.platform.Platform log
INFO: --> END POST (37-byte body)
июн. 26, 2024 8:11:22 AM okhttp3.internal.platform.Platform log
INFO: <-- 201 https://reqres.in/api/users (824ms)
июн. 26, 2024 8:11:22 AM okhttp3.internal.platform.Platform log
INFO: date: Wed, 26 Jun 2024 05:11:22 GMT
июн. 26, 2024 8:11:22 AM okhttp3.internal.platform.Platform log
INFO: content-type: application/json; charset=utf-8
июн. 26, 2024 8:11:22 AM okhttp3.internal.platform.Platform log
INFO: content-length: 87
июн. 26, 2024 8:11:22 AM okhttp3.internal.platform.Platform log
INFO: report-to: {"group":"heroku-nel","max_age":3600,"endpoints":[{"url":"https://nel.heroku.com/reports?ts=1719378682&sid=c4c9725f-1ab0-44d8-820f-430df2718e11&s=pwbH%2FChaXiu4wuRWS7A128Pjah6WlrnIvDE%2BVzrGDLY%3D"}]}
июн. 26, 2024 8:11:22 AM okhttp3.internal.platform.Platform log
INFO: reporting-endpoints: heroku-nel=https://nel.heroku.com/reports?ts=1719378682&sid=c4c9725f-1ab0-44d8-820f-430df2718e11&s=pwbH%2FChaXiu4wuRWS7A128Pjah6WlrnIvDE%2BVzrGDLY%3D
июн. 26, 2024 8:11:22 AM okhttp3.internal.platform.Platform log
INFO: nel: {"report_to":"heroku-nel","max_age":3600,"success_fraction":0.005,"failure_fraction":0.05,"response_headers":["Via"]}
июн. 26, 2024 8:11:22 AM okhttp3.internal.platform.Platform log
INFO: x-powered-by: Express
июн. 26, 2024 8:11:22 AM okhttp3.internal.platform.Platform log
INFO: access-control-allow-origin: *
июн. 26, 2024 8:11:22 AM okhttp3.internal.platform.Platform log
INFO: etag: W/"57-vGk/bG78lY71OvAhKc5PSxm87vM"
июн. 26, 2024 8:11:22 AM okhttp3.internal.platform.Platform log
INFO: via: 1.1 vegur
июн. 26, 2024 8:11:22 AM okhttp3.internal.platform.Platform log
INFO: cf-cache-status: DYNAMIC
июн. 26, 2024 8:11:22 AM okhttp3.internal.platform.Platform log
INFO: server: cloudflare
июн. 26, 2024 8:11:22 AM okhttp3.internal.platform.Platform log
INFO: cf-ray: 899ab23abba99762-FRA
июн. 26, 2024 8:11:22 AM okhttp3.internal.platform.Platform log
INFO: 
июн. 26, 2024 8:11:22 AM okhttp3.internal.platform.Platform log
INFO: {
  "name" : "Philip",
  "job" : "Coordinator",
  "id" : "826",
  "createdAt" : "2024-06-26T05:11:22.094Z"
}
июн. 26, 2024 8:11:22 AM okhttp3.internal.platform.Platform log
INFO: <-- END HTTP (87-byte body)
июн. 26, 2024 8:11:22 AM okhttp3.internal.platform.Platform log
INFO: --> DELETE https://reqres.in/api/users/826
июн. 26, 2024 8:11:22 AM okhttp3.internal.platform.Platform log
INFO: --> END DELETE
июн. 26, 2024 8:11:22 AM okhttp3.internal.platform.Platform log
INFO: <-- 204 https://reqres.in/api/users/826 (109ms)
июн. 26, 2024 8:11:22 AM okhttp3.internal.platform.Platform log
INFO: date: Wed, 26 Jun 2024 05:11:22 GMT
июн. 26, 2024 8:11:22 AM okhttp3.internal.platform.Platform log
INFO: content-length: 0
июн. 26, 2024 8:11:22 AM okhttp3.internal.platform.Platform log
INFO: report-to: {"group":"heroku-nel","max_age":3600,"endpoints":[{"url":"https://nel.heroku.com/reports?ts=1719378682&sid=c4c9725f-1ab0-44d8-820f-430df2718e11&s=pwbH%2FChaXiu4wuRWS7A128Pjah6WlrnIvDE%2BVzrGDLY%3D"}]}
июн. 26, 2024 8:11:22 AM okhttp3.internal.platform.Platform log
INFO: reporting-endpoints: heroku-nel=https://nel.heroku.com/reports?ts=1719378682&sid=c4c9725f-1ab0-44d8-820f-430df2718e11&s=pwbH%2FChaXiu4wuRWS7A128Pjah6WlrnIvDE%2BVzrGDLY%3D
июн. 26, 2024 8:11:22 AM okhttp3.internal.platform.Platform log
INFO: nel: {"report_to":"heroku-nel","max_age":3600,"success_fraction":0.005,"failure_fraction":0.05,"response_headers":["Via"]}
июн. 26, 2024 8:11:22 AM okhttp3.internal.platform.Platform log
INFO: x-powered-by: Express
июн. 26, 2024 8:11:22 AM okhttp3.internal.platform.Platform log
INFO: access-control-allow-origin: *
июн. 26, 2024 8:11:22 AM okhttp3.internal.platform.Platform log
INFO: etag: W/"2-vyGp6PvFo4RvsFtPoIWeCReyIC8"
июн. 26, 2024 8:11:22 AM okhttp3.internal.platform.Platform log
INFO: via: 1.1 vegur
июн. 26, 2024 8:11:22 AM okhttp3.internal.platform.Platform log
INFO: cf-cache-status: DYNAMIC
июн. 26, 2024 8:11:22 AM okhttp3.internal.platform.Platform log
INFO: server: cloudflare
июн. 26, 2024 8:11:22 AM okhttp3.internal.platform.Platform log
INFO: cf-ray: 899ab23cbe2c9762-FRA
июн. 26, 2024 8:11:22 AM okhttp3.internal.platform.Platform log
INFO: <-- END HTTP (0-byte body)
]]></system-err>
</testsuite>
