<?xml version="1.0" encoding="UTF-8"?>
<testsuite name="ru.elenapltnkv.tests.PetTest" tests="1" skipped="0" failures="0" errors="0" timestamp="2024-06-21T16:13:02" hostname="user" time="1.581">
  <properties/>
  <testcase name="getPetId()" classname="ru.elenapltnkv.tests.PetTest" time="1.581"/>
  <system-out><![CDATA[]]></system-out>
  <system-err><![CDATA[июн. 21, 2024 7:13:03 PM okhttp3.internal.platform.Platform log
INFO: --> GET https://petstore.swagger.io/v2/pet/1
июн. 21, 2024 7:13:03 PM okhttp3.internal.platform.Platform log
INFO: --> END GET
июн. 21, 2024 7:13:04 PM okhttp3.internal.platform.Platform log
INFO: <-- 200 https://petstore.swagger.io/v2/pet/1 (1446ms)
июн. 21, 2024 7:13:04 PM okhttp3.internal.platform.Platform log
INFO: date: Fri, 21 Jun 2024 16:13:04 GMT
июн. 21, 2024 7:13:04 PM okhttp3.internal.platform.Platform log
INFO: content-type: application/json
июн. 21, 2024 7:13:04 PM okhttp3.internal.platform.Platform log
INFO: access-control-allow-origin: *
июн. 21, 2024 7:13:04 PM okhttp3.internal.platform.Platform log
INFO: access-control-allow-methods: GET, POST, DELETE, PUT
июн. 21, 2024 7:13:04 PM okhttp3.internal.platform.Platform log
INFO: access-control-allow-headers: Content-Type, api_key, Authorization
июн. 21, 2024 7:13:04 PM okhttp3.internal.platform.Platform log
INFO: server: Jetty(9.2.9.v20150224)
июн. 21, 2024 7:13:04 PM okhttp3.internal.platform.Platform log
INFO: 
июн. 21, 2024 7:13:04 PM okhttp3.internal.platform.Platform log
INFO: {"id":1,"category":{"id":1,"name":"cat"},"name":"dog","photoUrls":[],"tags":[],"status":"sold"}
июн. 21, 2024 7:13:04 PM okhttp3.internal.platform.Platform log
INFO: <-- END HTTP (95-byte body)
]]></system-err>
</testsuite>
