<?xml version="1.0" encoding="UTF-8"?>
<testsuite name="ru.elenapltnkv.tests.PostNegativeUser" tests="1" skipped="0" failures="0" errors="0" timestamp="2024-06-26T16:21:21" hostname="user" time="1.414">
  <properties/>
  <testcase name="createNewUserTest()" classname="ru.elenapltnkv.tests.PostNegativeUser" time="1.414"/>
  <system-out><![CDATA[]]></system-out>
  <system-err><![CDATA[июн. 26, 2024 7:21:21 PM okhttp3.internal.platform.Platform log
INFO: --> POST https://reqres.in/api/users
июн. 26, 2024 7:21:21 PM okhttp3.internal.platform.Platform log
INFO: Content-Type: application/json; charset=UTF-8
июн. 26, 2024 7:21:21 PM okhttp3.internal.platform.Platform log
INFO: Content-Length: 24
июн. 26, 2024 7:21:21 PM okhttp3.internal.platform.Platform log
INFO: 
июн. 26, 2024 7:21:21 PM okhttp3.internal.platform.Platform log
INFO: {
  "name" : null,
  "job" : null
}
июн. 26, 2024 7:21:21 PM okhttp3.internal.platform.Platform log
INFO: --> END POST (24-byte body)
июн. 26, 2024 7:21:22 PM okhttp3.internal.platform.Platform log
INFO: <-- 201 https://reqres.in/api/users (796ms)
июн. 26, 2024 7:21:22 PM okhttp3.internal.platform.Platform log
INFO: date: Wed, 26 Jun 2024 16:21:22 GMT
июн. 26, 2024 7:21:22 PM okhttp3.internal.platform.Platform log
INFO: content-type: application/json; charset=utf-8
июн. 26, 2024 7:21:22 PM okhttp3.internal.platform.Platform log
INFO: content-length: 74
июн. 26, 2024 7:21:22 PM okhttp3.internal.platform.Platform log
INFO: report-to: {"group":"heroku-nel","max_age":3600,"endpoints":[{"url":"https://nel.heroku.com/reports?ts=1719418882&sid=c4c9725f-1ab0-44d8-820f-430df2718e11&s=Y3G4rt7pBxItQvaWNfOhXdLbAqPugBMwM3cXJCJ92DI%3D"}]}
июн. 26, 2024 7:21:22 PM okhttp3.internal.platform.Platform log
INFO: reporting-endpoints: heroku-nel=https://nel.heroku.com/reports?ts=1719418882&sid=c4c9725f-1ab0-44d8-820f-430df2718e11&s=Y3G4rt7pBxItQvaWNfOhXdLbAqPugBMwM3cXJCJ92DI%3D
июн. 26, 2024 7:21:22 PM okhttp3.internal.platform.Platform log
INFO: nel: {"report_to":"heroku-nel","max_age":3600,"success_fraction":0.005,"failure_fraction":0.05,"response_headers":["Via"]}
июн. 26, 2024 7:21:22 PM okhttp3.internal.platform.Platform log
INFO: x-powered-by: Express
июн. 26, 2024 7:21:22 PM okhttp3.internal.platform.Platform log
INFO: access-control-allow-origin: *
июн. 26, 2024 7:21:22 PM okhttp3.internal.platform.Platform log
INFO: etag: W/"4a-pGBOwLcsdvbf0oL4o6s4wHIfEVQ"
июн. 26, 2024 7:21:22 PM okhttp3.internal.platform.Platform log
INFO: via: 1.1 vegur
июн. 26, 2024 7:21:22 PM okhttp3.internal.platform.Platform log
INFO: cf-cache-status: DYNAMIC
июн. 26, 2024 7:21:22 PM okhttp3.internal.platform.Platform log
INFO: server: cloudflare
июн. 26, 2024 7:21:22 PM okhttp3.internal.platform.Platform log
INFO: cf-ray: 899e87ac9fdf75ab-DME
июн. 26, 2024 7:21:22 PM okhttp3.internal.platform.Platform log
INFO: 
июн. 26, 2024 7:21:22 PM okhttp3.internal.platform.Platform log
INFO: {
  "name" : null,
  "job" : null,
  "id" : "336",
  "createdAt" : "2024-06-26T16:21:22.117Z"
}
июн. 26, 2024 7:21:22 PM okhttp3.internal.platform.Platform log
INFO: <-- END HTTP (74-byte body)
июн. 26, 2024 7:21:22 PM okhttp3.internal.platform.Platform log
INFO: --> DELETE https://reqres.in/api/users336
июн. 26, 2024 7:21:22 PM okhttp3.internal.platform.Platform log
INFO: --> END DELETE
июн. 26, 2024 7:21:22 PM okhttp3.internal.platform.Platform log
INFO: <-- 204 https://reqres.in/api/users336 (264ms)
июн. 26, 2024 7:21:22 PM okhttp3.internal.platform.Platform log
INFO: date: Wed, 26 Jun 2024 16:21:22 GMT
июн. 26, 2024 7:21:22 PM okhttp3.internal.platform.Platform log
INFO: content-length: 0
июн. 26, 2024 7:21:22 PM okhttp3.internal.platform.Platform log
INFO: report-to: {"group":"heroku-nel","max_age":3600,"endpoints":[{"url":"https://nel.heroku.com/reports?ts=1719418882&sid=c4c9725f-1ab0-44d8-820f-430df2718e11&s=Y3G4rt7pBxItQvaWNfOhXdLbAqPugBMwM3cXJCJ92DI%3D"}]}
июн. 26, 2024 7:21:22 PM okhttp3.internal.platform.Platform log
INFO: reporting-endpoints: heroku-nel=https://nel.heroku.com/reports?ts=1719418882&sid=c4c9725f-1ab0-44d8-820f-430df2718e11&s=Y3G4rt7pBxItQvaWNfOhXdLbAqPugBMwM3cXJCJ92DI%3D
июн. 26, 2024 7:21:22 PM okhttp3.internal.platform.Platform log
INFO: nel: {"report_to":"heroku-nel","max_age":3600,"success_fraction":0.005,"failure_fraction":0.05,"response_headers":["Via"]}
июн. 26, 2024 7:21:22 PM okhttp3.internal.platform.Platform log
INFO: x-powered-by: Express
июн. 26, 2024 7:21:22 PM okhttp3.internal.platform.Platform log
INFO: access-control-allow-origin: *
июн. 26, 2024 7:21:22 PM okhttp3.internal.platform.Platform log
INFO: etag: W/"2-vyGp6PvFo4RvsFtPoIWeCReyIC8"
июн. 26, 2024 7:21:22 PM okhttp3.internal.platform.Platform log
INFO: via: 1.1 vegur
июн. 26, 2024 7:21:22 PM okhttp3.internal.platform.Platform log
INFO: cf-cache-status: DYNAMIC
июн. 26, 2024 7:21:22 PM okhttp3.internal.platform.Platform log
INFO: server: cloudflare
июн. 26, 2024 7:21:22 PM okhttp3.internal.platform.Platform log
INFO: cf-ray: 899e87aee96675ab-DME
июн. 26, 2024 7:21:22 PM okhttp3.internal.platform.Platform log
INFO: <-- END HTTP (0-byte body)
]]></system-err>
</testsuite>
