<?xml version="1.0" encoding="UTF-8"?>
<testsuite name="ru.elenapltnkv.tests.PostPositiveAdUserDBTest" tests="1" skipped="0" failures="0" errors="0" timestamp="2024-06-28T13:46:10" hostname="user" time="5.234">
  <properties/>
  <testcase name="createNewUserTest()" classname="ru.elenapltnkv.tests.PostPositiveAdUserDBTest" time="5.234"/>
  <system-out><![CDATA[]]></system-out>
  <system-err><![CDATA[июн. 28, 2024 4:46:11 PM okhttp3.internal.platform.Platform log
INFO: --> POST https://reqres.in/api/users
июн. 28, 2024 4:46:11 PM okhttp3.internal.platform.Platform log
INFO: Content-Type: application/json; charset=UTF-8
июн. 28, 2024 4:46:11 PM okhttp3.internal.platform.Platform log
INFO: Content-Length: 32
июн. 28, 2024 4:46:11 PM okhttp3.internal.platform.Platform log
INFO: 
июн. 28, 2024 4:46:11 PM okhttp3.internal.platform.Platform log
INFO: {
  "name" : "Susanne",
  "job" : "Agent"
}
июн. 28, 2024 4:46:11 PM okhttp3.internal.platform.Platform log
INFO: --> END POST (32-byte body)
июн. 28, 2024 4:46:15 PM okhttp3.internal.platform.Platform log
INFO: <-- 201 https://reqres.in/api/users (4038ms)
июн. 28, 2024 4:46:15 PM okhttp3.internal.platform.Platform log
INFO: date: Fri, 28 Jun 2024 13:46:14 GMT
июн. 28, 2024 4:46:15 PM okhttp3.internal.platform.Platform log
INFO: content-type: application/json; charset=utf-8
июн. 28, 2024 4:46:15 PM okhttp3.internal.platform.Platform log
INFO: content-length: 82
июн. 28, 2024 4:46:15 PM okhttp3.internal.platform.Platform log
INFO: report-to: {"group":"heroku-nel","max_age":3600,"endpoints":[{"url":"https://nel.heroku.com/reports?ts=1719582374&sid=c4c9725f-1ab0-44d8-820f-430df2718e11&s=WY4KvvMvsVSvZF3TPIM3ZdPns7DQSINp4rrF0tJ8x%2Fc%3D"}]}
июн. 28, 2024 4:46:15 PM okhttp3.internal.platform.Platform log
INFO: reporting-endpoints: heroku-nel=https://nel.heroku.com/reports?ts=1719582374&sid=c4c9725f-1ab0-44d8-820f-430df2718e11&s=WY4KvvMvsVSvZF3TPIM3ZdPns7DQSINp4rrF0tJ8x%2Fc%3D
июн. 28, 2024 4:46:15 PM okhttp3.internal.platform.Platform log
INFO: nel: {"report_to":"heroku-nel","max_age":3600,"success_fraction":0.005,"failure_fraction":0.05,"response_headers":["Via"]}
июн. 28, 2024 4:46:15 PM okhttp3.internal.platform.Platform log
INFO: x-powered-by: Express
июн. 28, 2024 4:46:15 PM okhttp3.internal.platform.Platform log
INFO: access-control-allow-origin: *
июн. 28, 2024 4:46:15 PM okhttp3.internal.platform.Platform log
INFO: etag: W/"52-mcd6lNQYEgXoz6YZVZqAx4do+Zw"
июн. 28, 2024 4:46:15 PM okhttp3.internal.platform.Platform log
INFO: via: 1.1 vegur
июн. 28, 2024 4:46:15 PM okhttp3.internal.platform.Platform log
INFO: cf-cache-status: DYNAMIC
июн. 28, 2024 4:46:15 PM okhttp3.internal.platform.Platform log
INFO: server: cloudflare
июн. 28, 2024 4:46:15 PM okhttp3.internal.platform.Platform log
INFO: cf-ray: 89ae1f2ed89abbbc-FRA
июн. 28, 2024 4:46:15 PM okhttp3.internal.platform.Platform log
INFO: 
июн. 28, 2024 4:46:15 PM okhttp3.internal.platform.Platform log
INFO: {
  "name" : "Susanne",
  "job" : "Agent",
  "id" : "515",
  "createdAt" : "2024-06-28T13:46:14.264Z"
}
июн. 28, 2024 4:46:15 PM okhttp3.internal.platform.Platform log
INFO: <-- END HTTP (82-byte body)
]]></system-err>
</testsuite>
